This file contains any messages produced by compilers while
running configure, to aid debugging if configure makes a mistake.

It was created by libndpi configure 3.1.0, which was
generated by GNU Autoconf 2.69.  Invocation command line was

  $ ./configure 

## --------- ##
## Platform. ##
## --------- ##

hostname = Matthews-MacBook-Air.local
uname -m = x86_64
uname -r = 18.7.0
uname -s = Darwin
uname -v = Darwin Kernel Version 18.7.0: Tue Aug 20 16:57:14 PDT 2019; root:xnu-4903.271.2~2/RELEASE_X86_64

/usr/bin/uname -p = i386
/bin/uname -X     = unknown

/bin/arch              = unknown
/usr/bin/arch -k       = unknown
/usr/convex/getsysinfo = unknown
/usr/bin/hostinfo      = Mach kernel version:
	 Darwin Kernel Version 18.7.0: Tue Aug 20 16:57:14 PDT 2019; root:xnu-4903.271.2~2/RELEASE_X86_64
Kernel configured for up to 4 processors.
2 processors are physically available.
4 processors are logically available.
Processor type: x86_64h (Intel x86-64h Haswell)
Processors active: 0 1 2 3
Primary memory available: 8.00 gigabytes
Default processor set: 375 tasks, 1582 threads, 4 processors
Load average: 0.85, Mach factor: 3.14
/bin/machine           = unknown
/usr/bin/oslevel       = unknown
/bin/universe          = unknown

PATH: /opt/local/bin
PATH: /opt/local/sbin
PATH: /usr/local/bin
PATH: /usr/bin
PATH: /bin
PATH: /usr/sbin
PATH: /sbin
PATH: /usr/local/share/dotnet
PATH: ~/.dotnet/tools
PATH: /Library/Frameworks/Mono.framework/Versions/Current/Commands


## ----------- ##
## Core tests. ##
## ----------- ##

configure:2439: checking for a BSD-compatible install
configure:2507: result: /usr/bin/install -c
configure:2518: checking whether build environment is sane
configure:2573: result: yes
configure:2724: checking for a thread-safe mkdir -p
configure:2763: result: ./install-sh -c -d
configure:2770: checking for gawk
configure:2786: found /usr/local/bin/gawk
configure:2797: result: gawk
configure:2808: checking whether make sets $(MAKE)
configure:2830: result: yes
configure:2859: checking whether make supports nested variables
configure:2876: result: yes
configure:3005: WARNING: Libtool does not cope well with whitespace in `pwd`
configure:3032: checking build system type
configure:3046: result: x86_64-apple-darwin18.7.0
configure:3066: checking host system type
configure:3079: result: x86_64-apple-darwin18.7.0
configure:3120: checking how to print strings
configure:3147: result: printf
configure:3172: checking whether make supports the include directive
configure:3187: make -f confmf.GNU && cat confinc.out
this is the am__doit target
configure:3190: $? = 0
configure:3209: result: yes (GNU style)
configure:3279: checking for gcc
configure:3295: found /usr/bin/gcc
configure:3306: result: gcc
configure:3535: checking for C compiler version
configure:3544: gcc --version >&5
Apple LLVM version 10.0.1 (clang-1001.0.46.4)
Target: x86_64-apple-darwin18.7.0
Thread model: posix
InstalledDir: /Library/Developer/CommandLineTools/usr/bin
Configured with: --prefix=/Library/Developer/CommandLineTools/usr --with-gxx-include-dir=/Library/Developer/CommandLineTools/SDKs/MacOSX10.14.sdk/usr/include/c++/4.2.1
configure:3555: $? = 0
configure:3544: gcc -v >&5
Configured with: --prefix=/Library/Developer/CommandLineTools/usr --with-gxx-include-dir=/Library/Developer/CommandLineTools/SDKs/MacOSX10.14.sdk/usr/include/c++/4.2.1
Apple LLVM version 10.0.1 (clang-1001.0.46.4)
Target: x86_64-apple-darwin18.7.0
Thread model: posix
InstalledDir: /Library/Developer/CommandLineTools/usr/bin
configure:3555: $? = 0
configure:3544: gcc -V >&5
clang: error: unsupported option '-V -Wno-atomic-implicit-seq-cst'
clang: error: no input files
configure:3555: $? = 1
configure:3544: gcc -qversion >&5
clang: error: unknown argument '-qversion', did you mean '--version'?
clang: error: no input files
configure:3555: $? = 1
configure:3575: checking whether the C compiler works
configure:3597: gcc    conftest.c  >&5
configure:3601: $? = 0
configure:3649: result: yes
configure:3652: checking for C compiler default output file name
configure:3654: result: a.out
configure:3660: checking for suffix of executables
configure:3667: gcc -o conftest    conftest.c  >&5
configure:3671: $? = 0
configure:3693: result: 
configure:3715: checking whether we are cross compiling
configure:3723: gcc -o conftest    conftest.c  >&5
configure:3727: $? = 0
configure:3734: ./conftest
configure:3738: $? = 0
configure:3753: result: no
configure:3758: checking for suffix of object files
configure:3780: gcc -c   conftest.c >&5
configure:3784: $? = 0
configure:3805: result: o
configure:3809: checking whether we are using the GNU C compiler
configure:3828: gcc -c   conftest.c >&5
configure:3828: $? = 0
configure:3837: result: yes
configure:3846: checking whether gcc accepts -g
configure:3866: gcc -c -g  conftest.c >&5
configure:3866: $? = 0
configure:3907: result: yes
configure:3924: checking for gcc option to accept ISO C89
configure:3987: gcc  -c -g -O2  conftest.c >&5
configure:3987: $? = 0
configure:4000: result: none needed
configure:4025: checking whether gcc understands -c and -o together
configure:4047: gcc -c conftest.c -o conftest2.o
configure:4050: $? = 0
configure:4047: gcc -c conftest.c -o conftest2.o
configure:4050: $? = 0
configure:4062: result: yes
configure:4081: checking dependency style of gcc
configure:4192: result: none
configure:4207: checking for a sed that does not truncate output
configure:4271: result: /usr/bin/sed
configure:4289: checking for grep that handles long lines and -e
configure:4347: result: /usr/bin/grep
configure:4352: checking for egrep
configure:4414: result: /usr/bin/grep -E
configure:4419: checking for fgrep
configure:4481: result: /usr/bin/grep -F
configure:4516: checking for ld used by gcc
configure:4583: result: /Library/Developer/CommandLineTools/usr/bin/ld
configure:4590: checking if the linker (/Library/Developer/CommandLineTools/usr/bin/ld) is GNU ld
configure:4605: result: no
configure:4617: checking for BSD- or MS-compatible name lister (nm)
configure:4671: result: /usr/bin/nm -B
configure:4801: checking the name lister (/usr/bin/nm -B) interface
configure:4808: gcc -c -g -O2  conftest.c >&5
configure:4811: /usr/bin/nm -B "conftest.o"
configure:4814: output
00000000000001dc S _some_variable
configure:4821: result: BSD nm
configure:4824: checking whether ln -s works
configure:4828: result: yes
configure:4836: checking the maximum length of command line arguments
configure:4967: result: 196608
configure:5015: checking how to convert x86_64-apple-darwin18.7.0 file names to x86_64-apple-darwin18.7.0 format
configure:5055: result: func_convert_file_noop
configure:5062: checking how to convert x86_64-apple-darwin18.7.0 file names to toolchain format
configure:5082: result: func_convert_file_noop
configure:5089: checking for /Library/Developer/CommandLineTools/usr/bin/ld option to reload object files
configure:5096: result: -r
configure:5170: checking for objdump
configure:5186: found /usr/bin/objdump
configure:5197: result: objdump
configure:5229: checking how to recognize dependent libraries
configure:5429: result: pass_all
configure:5514: checking for dlltool
configure:5544: result: no
configure:5574: checking how to associate runtime and link libraries
configure:5601: result: printf %s\n
configure:5662: checking for ar
configure:5678: found /usr/bin/ar
configure:5689: result: ar
configure:5726: checking for archiver @FILE support
configure:5743: gcc -c -g -O2  conftest.c >&5
configure:5743: $? = 0
configure:5746: ar cru libconftest.a @conftest.lst >&5
ar: @conftest.lst: No such file or directory
configure:5749: $? = 1
configure:5769: result: no
configure:5827: checking for strip
configure:5843: found /usr/bin/strip
configure:5854: result: strip
configure:5926: checking for ranlib
configure:5942: found /usr/bin/ranlib
configure:5953: result: ranlib
configure:6055: checking command to parse /usr/bin/nm -B output from gcc object
configure:6208: gcc -c -g -O2  conftest.c >&5
configure:6211: $? = 0
configure:6215: /usr/bin/nm -B conftest.o \| sed -n -e 's/^.*[ ]\([BCDEGRST][BCDEGRST]*\)[ ][ ]*\([_A-Za-z][_A-Za-z0-9]*\)$/\1 \2 \2/p' | sed '/ __gnu_lto/d' \> conftest.nm
configure:6218: $? = 0
cannot find nm_test_var in conftest.nm
configure:6208: gcc -c -g -O2  conftest.c >&5
configure:6211: $? = 0
configure:6215: /usr/bin/nm -B conftest.o \| sed -n -e 's/^.*[ ]\([BCDEGRST][BCDEGRST]*\)[ ][ ]*_\([_A-Za-z][_A-Za-z0-9]*\)$/\1 _\2 \2/p' | sed '/ __gnu_lto/d' \> conftest.nm
configure:6218: $? = 0
configure:6284: gcc -o conftest -g -O2   conftest.c conftstm.o >&5
warning: (x86_64)  could not find object file symbol for symbol _main
configure:6287: $? = 0
configure:6325: result: ok
configure:6372: checking for sysroot
configure:6402: result: no
configure:6409: checking for a working dd
configure:6447: result: /bin/dd
configure:6451: checking how to truncate binary pipes
configure:6466: result: /bin/dd bs=4096 count=1
configure:6795: checking for mt
configure:6825: result: no
configure:6845: checking if : is a manifest tool
configure:6851: : '-?'
configure:6859: result: no
configure:6915: checking for dsymutil
configure:6931: found /usr/bin/dsymutil
configure:6942: result: dsymutil
configure:7007: checking for nmedit
configure:7023: found /usr/bin/nmedit
configure:7034: result: nmedit
configure:7099: checking for lipo
configure:7115: found /usr/bin/lipo
configure:7126: result: lipo
configure:7191: checking for otool
configure:7207: found /usr/bin/otool
configure:7218: result: otool
configure:7283: checking for otool64
configure:7313: result: no
configure:7358: checking for -single_module linker flag
gcc -g -O2  -o libconftest.dylib -dynamiclib -Wl,-single_module conftest.c
configure:7391: result: yes
configure:7394: checking for -exported_symbols_list linker flag
configure:7414: gcc -o conftest -g -O2   -Wl,-exported_symbols_list,conftest.sym conftest.c  >&5
configure:7414: $? = 0
configure:7424: result: yes
configure:7427: checking for -force_load linker flag
gcc -g -O2 -c -o conftest.o conftest.c
ar cru libconftest.a conftest.o
ranlib libconftest.a
gcc -g -O2  -o conftest conftest.c -Wl,-force_load,./libconftest.a
configure:7459: result: yes
configure:7536: checking how to run the C preprocessor
configure:7567: gcc -E  conftest.c
configure:7567: $? = 0
configure:7581: gcc -E  conftest.c
conftest.c:11:10: fatal error: 'ac_nonexistent.h' file not found
#include <ac_nonexistent.h>
         ^~~~~~~~~~~~~~~~~~
1 error generated.
configure:7581: $? = 1
configure: failed program was:
| /* confdefs.h */
| #define NDPI_PACKAGE_NAME "libndpi"
| #define NDPI_PACKAGE_TARNAME "libndpi"
| #define NDPI_PACKAGE_VERSION "3.1.0"
| #define NDPI_PACKAGE_STRING "libndpi 3.1.0"
| #define NDPI_PACKAGE_BUGREPORT ""
| #define NDPI_PACKAGE_URL ""
| #define NDPI_PACKAGE "libndpi"
| #define NDPI_VERSION "3.1.0"
| /* end confdefs.h.  */
| #include <ac_nonexistent.h>
configure:7606: result: gcc -E
configure:7626: gcc -E  conftest.c
configure:7626: $? = 0
configure:7640: gcc -E  conftest.c
conftest.c:11:10: fatal error: 'ac_nonexistent.h' file not found
#include <ac_nonexistent.h>
         ^~~~~~~~~~~~~~~~~~
1 error generated.
configure:7640: $? = 1
configure: failed program was:
| /* confdefs.h */
| #define NDPI_PACKAGE_NAME "libndpi"
| #define NDPI_PACKAGE_TARNAME "libndpi"
| #define NDPI_PACKAGE_VERSION "3.1.0"
| #define NDPI_PACKAGE_STRING "libndpi 3.1.0"
| #define NDPI_PACKAGE_BUGREPORT ""
| #define NDPI_PACKAGE_URL ""
| #define NDPI_PACKAGE "libndpi"
| #define NDPI_VERSION "3.1.0"
| /* end confdefs.h.  */
| #include <ac_nonexistent.h>
configure:7669: checking for ANSI C header files
configure:7689: gcc -c -g -O2  conftest.c >&5
configure:7689: $? = 0
configure:7762: gcc -o conftest -g -O2   conftest.c  >&5
configure:7762: $? = 0
configure:7762: ./conftest
configure:7762: $? = 0
configure:7773: result: yes
configure:7786: checking for sys/types.h
configure:7786: gcc -c -g -O2  conftest.c >&5
configure:7786: $? = 0
configure:7786: result: yes
configure:7786: checking for sys/stat.h
configure:7786: gcc -c -g -O2  conftest.c >&5
configure:7786: $? = 0
configure:7786: result: yes
configure:7786: checking for stdlib.h
configure:7786: gcc -c -g -O2  conftest.c >&5
configure:7786: $? = 0
configure:7786: result: yes
configure:7786: checking for string.h
configure:7786: gcc -c -g -O2  conftest.c >&5
configure:7786: $? = 0
configure:7786: result: yes
configure:7786: checking for memory.h
configure:7786: gcc -c -g -O2  conftest.c >&5
configure:7786: $? = 0
configure:7786: result: yes
configure:7786: checking for strings.h
configure:7786: gcc -c -g -O2  conftest.c >&5
configure:7786: $? = 0
configure:7786: result: yes
configure:7786: checking for inttypes.h
configure:7786: gcc -c -g -O2  conftest.c >&5
configure:7786: $? = 0
configure:7786: result: yes
configure:7786: checking for stdint.h
configure:7786: gcc -c -g -O2  conftest.c >&5
configure:7786: $? = 0
configure:7786: result: yes
configure:7786: checking for unistd.h
configure:7786: gcc -c -g -O2  conftest.c >&5
configure:7786: $? = 0
configure:7786: result: yes
configure:7800: checking for dlfcn.h
configure:7800: gcc -c -g -O2  conftest.c >&5
configure:7800: $? = 0
configure:7800: result: yes
configure:8056: checking for objdir
configure:8071: result: .libs
configure:8335: checking if gcc supports -fno-rtti -fno-exceptions
configure:8353: gcc -c -g -O2  -fno-rtti -fno-exceptions conftest.c >&5
configure:8357: $? = 0
configure:8370: result: yes
configure:8728: checking for gcc option to produce PIC
configure:8735: result: -fno-common -DPIC
configure:8743: checking if gcc PIC flag -fno-common -DPIC works
configure:8761: gcc -c -g -O2  -fno-common -DPIC -DPIC conftest.c >&5
configure:8765: $? = 0
configure:8778: result: yes
configure:8807: checking if gcc static flag -static works
configure:8835: result: no
configure:8850: checking if gcc supports -c -o file.o
configure:8871: gcc -c -g -O2  -o out/conftest2.o conftest.c >&5
configure:8875: $? = 0
configure:8897: result: yes
configure:8905: checking if gcc supports -c -o file.o
configure:8952: result: yes
configure:8985: checking whether the gcc linker (/Library/Developer/CommandLineTools/usr/bin/ld) supports shared libraries
configure:10244: result: yes
configure:10484: checking dynamic linker characteristics
configure:11302: result: darwin18.7.0 dyld
configure:11424: checking how to hardcode library paths into programs
configure:11449: result: immediate
configure:11997: checking whether stripping libraries is possible
configure:12011: result: yes
configure:12037: checking if libtool supports shared libraries
configure:12039: result: yes
configure:12042: checking whether to build shared libraries
configure:12067: result: yes
configure:12070: checking whether to build static libraries
configure:12074: result: yes
configure:12160: checking for gcc
configure:12187: result: gcc
configure:12416: checking for C compiler version
configure:12425: gcc --version >&5
Apple LLVM version 10.0.1 (clang-1001.0.46.4)
Target: x86_64-apple-darwin18.7.0
Thread model: posix
InstalledDir: /Library/Developer/CommandLineTools/usr/bin
Configured with: --prefix=/Library/Developer/CommandLineTools/usr --with-gxx-include-dir=/Library/Developer/CommandLineTools/SDKs/MacOSX10.14.sdk/usr/include/c++/4.2.1
configure:12436: $? = 0
configure:12425: gcc -v >&5
Configured with: --prefix=/Library/Developer/CommandLineTools/usr --with-gxx-include-dir=/Library/Developer/CommandLineTools/SDKs/MacOSX10.14.sdk/usr/include/c++/4.2.1
Apple LLVM version 10.0.1 (clang-1001.0.46.4)
Target: x86_64-apple-darwin18.7.0
Thread model: posix
InstalledDir: /Library/Developer/CommandLineTools/usr/bin
configure:12436: $? = 0
configure:12425: gcc -V >&5
clang: error: unsupported option '-V -Wno-atomic-implicit-seq-cst'
clang: error: no input files
configure:12436: $? = 1
configure:12425: gcc -qversion >&5
clang: error: unknown argument '-qversion', did you mean '--version'?
clang: error: no input files
configure:12436: $? = 1
configure:12440: checking whether we are using the GNU C compiler
configure:12468: result: yes
configure:12477: checking whether gcc accepts -g
configure:12538: result: yes
configure:12555: checking for gcc option to accept ISO C89
configure:12631: result: none needed
configure:12656: checking whether gcc understands -c and -o together
configure:12693: result: yes
configure:12712: checking dependency style of gcc
configure:12823: result: none
configure:12897: checking for g++
configure:12913: found /usr/bin/g++
configure:12924: result: g++
configure:12951: checking for C++ compiler version
configure:12960: g++ --version >&5
Apple LLVM version 10.0.1 (clang-1001.0.46.4)
Target: x86_64-apple-darwin18.7.0
Thread model: posix
InstalledDir: /Library/Developer/CommandLineTools/usr/bin
Configured with: --prefix=/Library/Developer/CommandLineTools/usr --with-gxx-include-dir=/Library/Developer/CommandLineTools/SDKs/MacOSX10.14.sdk/usr/include/c++/4.2.1
configure:12971: $? = 0
configure:12960: g++ -v >&5
Configured with: --prefix=/Library/Developer/CommandLineTools/usr --with-gxx-include-dir=/Library/Developer/CommandLineTools/SDKs/MacOSX10.14.sdk/usr/include/c++/4.2.1
Apple LLVM version 10.0.1 (clang-1001.0.46.4)
Target: x86_64-apple-darwin18.7.0
Thread model: posix
InstalledDir: /Library/Developer/CommandLineTools/usr/bin
configure:12971: $? = 0
configure:12960: g++ -V >&5
clang: error: unsupported option '-V -Wno-atomic-implicit-seq-cst'
clang: error: no input files
configure:12971: $? = 1
configure:12960: g++ -qversion >&5
clang: error: unknown argument '-qversion', did you mean '--version'?
clang: error: no input files
configure:12971: $? = 1
configure:12975: checking whether we are using the GNU C++ compiler
configure:12994: g++ -c   conftest.cpp >&5
configure:12994: $? = 0
configure:13003: result: yes
configure:13012: checking whether g++ accepts -g
configure:13032: g++ -c -g  conftest.cpp >&5
configure:13032: $? = 0
configure:13073: result: yes
configure:13098: checking dependency style of g++
configure:13209: result: none
configure:13242: checking how to run the C++ preprocessor
configure:13269: g++ -E  conftest.cpp
configure:13269: $? = 0
configure:13283: g++ -E  conftest.cpp
conftest.cpp:23:10: fatal error: 'ac_nonexistent.h' file not found
#include <ac_nonexistent.h>
         ^~~~~~~~~~~~~~~~~~
1 error generated.
configure:13283: $? = 1
configure: failed program was:
| /* confdefs.h */
| #define NDPI_PACKAGE_NAME "libndpi"
| #define NDPI_PACKAGE_TARNAME "libndpi"
| #define NDPI_PACKAGE_VERSION "3.1.0"
| #define NDPI_PACKAGE_STRING "libndpi 3.1.0"
| #define NDPI_PACKAGE_BUGREPORT ""
| #define NDPI_PACKAGE_URL ""
| #define NDPI_PACKAGE "libndpi"
| #define NDPI_VERSION "3.1.0"
| #define STDC_HEADERS 1
| #define HAVE_SYS_TYPES_H 1
| #define HAVE_SYS_STAT_H 1
| #define HAVE_STDLIB_H 1
| #define HAVE_STRING_H 1
| #define HAVE_MEMORY_H 1
| #define HAVE_STRINGS_H 1
| #define HAVE_INTTYPES_H 1
| #define HAVE_STDINT_H 1
| #define HAVE_UNISTD_H 1
| #define HAVE_DLFCN_H 1
| #define LT_OBJDIR ".libs/"
| /* end confdefs.h.  */
| #include <ac_nonexistent.h>
configure:13308: result: g++ -E
configure:13328: g++ -E  conftest.cpp
configure:13328: $? = 0
configure:13342: g++ -E  conftest.cpp
conftest.cpp:23:10: fatal error: 'ac_nonexistent.h' file not found
#include <ac_nonexistent.h>
         ^~~~~~~~~~~~~~~~~~
1 error generated.
configure:13342: $? = 1
configure: failed program was:
| /* confdefs.h */
| #define NDPI_PACKAGE_NAME "libndpi"
| #define NDPI_PACKAGE_TARNAME "libndpi"
| #define NDPI_PACKAGE_VERSION "3.1.0"
| #define NDPI_PACKAGE_STRING "libndpi 3.1.0"
| #define NDPI_PACKAGE_BUGREPORT ""
| #define NDPI_PACKAGE_URL ""
| #define NDPI_PACKAGE "libndpi"
| #define NDPI_VERSION "3.1.0"
| #define STDC_HEADERS 1
| #define HAVE_SYS_TYPES_H 1
| #define HAVE_SYS_STAT_H 1
| #define HAVE_STDLIB_H 1
| #define HAVE_STRING_H 1
| #define HAVE_MEMORY_H 1
| #define HAVE_STRINGS_H 1
| #define HAVE_INTTYPES_H 1
| #define HAVE_STDINT_H 1
| #define HAVE_UNISTD_H 1
| #define HAVE_DLFCN_H 1
| #define LT_OBJDIR ".libs/"
| /* end confdefs.h.  */
| #include <ac_nonexistent.h>
configure:13504: checking for ld used by g++
configure:13571: result: /Library/Developer/CommandLineTools/usr/bin/ld
configure:13578: checking if the linker (/Library/Developer/CommandLineTools/usr/bin/ld) is GNU ld
configure:13593: result: no
configure:13648: checking whether the g++ linker (/Library/Developer/CommandLineTools/usr/bin/ld) supports shared libraries
configure:14721: result: yes
configure:14757: g++ -c -g -O2  conftest.cpp >&5
configure:14760: $? = 0
configure:15241: checking for g++ option to produce PIC
configure:15248: result: -fno-common -DPIC
configure:15256: checking if g++ PIC flag -fno-common -DPIC works
configure:15274: g++ -c -g -O2  -fno-common -DPIC -DPIC conftest.cpp >&5
configure:15278: $? = 0
configure:15291: result: yes
configure:15314: checking if g++ static flag -static works
configure:15342: result: no
configure:15354: checking if g++ supports -c -o file.o
configure:15375: g++ -c -g -O2  -o out/conftest2.o conftest.cpp >&5
configure:15379: $? = 0
configure:15401: result: yes
configure:15406: checking if g++ supports -c -o file.o
configure:15453: result: yes
configure:15483: checking whether the g++ linker (/Library/Developer/CommandLineTools/usr/bin/ld) supports shared libraries
configure:15523: result: yes
configure:15664: checking dynamic linker characteristics
configure:16409: result: darwin18.7.0 dyld
configure:16474: checking how to hardcode library paths into programs
configure:16499: result: immediate
configure:16543: checking for gcc option to accept ISO C99
configure:16692: gcc  -c -g -O2  conftest.c >&5
configure:16692: $? = 0
configure:16705: result: none needed
configure:16813: checking for gcc option to accept ISO Standard C
configure:16824: result: none needed
configure:16884: checking netinet/in.h usability
configure:16884: gcc -c -g -O2  conftest.c >&5
configure:16884: $? = 0
configure:16884: result: yes
configure:16884: checking netinet/in.h presence
configure:16884: gcc -E  conftest.c
configure:16884: $? = 0
configure:16884: result: yes
configure:16884: checking for netinet/in.h
configure:16884: result: yes
configure:16884: checking for stdint.h
configure:16884: result: yes
configure:16884: checking for stdlib.h
configure:16884: result: yes
configure:16884: checking for string.h
configure:16884: result: yes
configure:16884: checking for unistd.h
configure:16884: result: yes
configure:16914: checking for numa_available in -lnuma
configure:16939: gcc -o conftest -g -O2   conftest.c -lnuma   >&5
ld: library not found for -lnuma
clang: error: linker command failed with exit code 1 (use -v to see invocation)
configure:16939: $? = 1
configure: failed program was:
| /* confdefs.h */
| #define NDPI_PACKAGE_NAME "libndpi"
| #define NDPI_PACKAGE_TARNAME "libndpi"
| #define NDPI_PACKAGE_VERSION "3.1.0"
| #define NDPI_PACKAGE_STRING "libndpi 3.1.0"
| #define NDPI_PACKAGE_BUGREPORT ""
| #define NDPI_PACKAGE_URL ""
| #define NDPI_PACKAGE "libndpi"
| #define NDPI_VERSION "3.1.0"
| #define STDC_HEADERS 1
| #define HAVE_SYS_TYPES_H 1
| #define HAVE_SYS_STAT_H 1
| #define HAVE_STDLIB_H 1
| #define HAVE_STRING_H 1
| #define HAVE_MEMORY_H 1
| #define HAVE_STRINGS_H 1
| #define HAVE_INTTYPES_H 1
| #define HAVE_STDINT_H 1
| #define HAVE_UNISTD_H 1
| #define HAVE_DLFCN_H 1
| #define LT_OBJDIR ".libs/"
| #define NDPI_MAJOR_RELEASE "3"
| #define NDPI_MINOR_RELEASE "1"
| #define NDPI_PATCH_LEVEL "0"
| #define NDPI_GIT_RELEASE "3.1.0-100-74798dd"
| #define NDPI_GIT_DATE "Mon Feb 3 11:51:24 2020 +0200"
| #define HAVE_NETINET_IN_H 1
| #define HAVE_STDINT_H 1
| #define HAVE_STDLIB_H 1
| #define HAVE_STRING_H 1
| #define HAVE_UNISTD_H 1
| /* end confdefs.h.  */
| 
| /* Override any GCC internal prototype to avoid an error.
|    Use char because int might match the return type of a GCC
|    builtin and then its argument prototype would still apply.  */
| #ifdef __cplusplus
| extern "C"
| #endif
| char numa_available ();
| int
| main ()
| {
| return numa_available ();
|   ;
|   return 0;
| }
configure:16948: result: no
configure:17031: checking for pkg-config
configure:17049: found /usr/local/bin/pkg-config
configure:17061: result: /usr/local/bin/pkg-config
configure:17086: checking pkg-config is at least version 0.9.0
configure:17089: result: yes
configure:17509: checking for pcap_open_live in -lpcap
configure:17534: clang -o conftest -g -O2   conftest.c -lpcap   >&5
configure:17534: $? = 0
configure:17543: result: yes
configure:17568: checking for json-c
configure:17575: $PKG_CONFIG --exists --print-errors "json-c"
configure:17578: $? = 0
configure:17592: $PKG_CONFIG --exists --print-errors "json-c"
configure:17595: $? = 0
configure:17659: result: yes
configure:17664: checking for json_object_new_object in -ljson-c
configure:17689: clang -o conftest -g -O2 -I/usr/local/Cellar/json-c/0.13.1/include/json-c   -L/usr/local/Cellar/json-c/0.13.1/lib -ljson-c conftest.c -ljson-c   >&5
configure:17689: $? = 0
configure:17698: result: yes
configure:18181: checking for pthread_setaffinity_np in -lpthread
configure:18206: clang -o conftest -g -O2 -I/usr/local/Cellar/json-c/0.13.1/include/json-c   -L/usr/local/Cellar/json-c/0.13.1/lib -ljson-c conftest.c -lpthread   >&5
Undefined symbols for architecture x86_64:
  "_pthread_setaffinity_np", referenced from:
      _main in conftest-326dd0.o
ld: symbol(s) not found for architecture x86_64
clang: error: linker command failed with exit code 1 (use -v to see invocation)
configure:18206: $? = 1
configure: failed program was:
| /* confdefs.h */
| #define NDPI_PACKAGE_NAME "libndpi"
| #define NDPI_PACKAGE_TARNAME "libndpi"
| #define NDPI_PACKAGE_VERSION "3.1.0"
| #define NDPI_PACKAGE_STRING "libndpi 3.1.0"
| #define NDPI_PACKAGE_BUGREPORT ""
| #define NDPI_PACKAGE_URL ""
| #define NDPI_PACKAGE "libndpi"
| #define NDPI_VERSION "3.1.0"
| #define STDC_HEADERS 1
| #define HAVE_SYS_TYPES_H 1
| #define HAVE_SYS_STAT_H 1
| #define HAVE_STDLIB_H 1
| #define HAVE_STRING_H 1
| #define HAVE_MEMORY_H 1
| #define HAVE_STRINGS_H 1
| #define HAVE_INTTYPES_H 1
| #define HAVE_STDINT_H 1
| #define HAVE_UNISTD_H 1
| #define HAVE_DLFCN_H 1
| #define LT_OBJDIR ".libs/"
| #define NDPI_MAJOR_RELEASE "3"
| #define NDPI_MINOR_RELEASE "1"
| #define NDPI_PATCH_LEVEL "0"
| #define NDPI_GIT_RELEASE "3.1.0-100-74798dd"
| #define NDPI_GIT_DATE "Mon Feb 3 11:51:24 2020 +0200"
| #define HAVE_NETINET_IN_H 1
| #define HAVE_STDINT_H 1
| #define HAVE_STDLIB_H 1
| #define HAVE_STRING_H 1
| #define HAVE_UNISTD_H 1
| #define HAVE_JSON_C 1
| /* end confdefs.h.  */
| 
| /* Override any GCC internal prototype to avoid an error.
|    Use char because int might match the return type of a GCC
|    builtin and then its argument prototype would still apply.  */
| #ifdef __cplusplus
| extern "C"
| #endif
| char pthread_setaffinity_np ();
| int
| main ()
| {
| return pthread_setaffinity_np ();
|   ;
|   return 0;
| }
configure:18215: result: no
configure:18352: checking that generated files are newer than configure
configure:18358: result: done
configure:18401: creating ./config.status

## ---------------------- ##
## Running config.status. ##
## ---------------------- ##

This file was extended by libndpi config.status 3.1.0, which was
generated by GNU Autoconf 2.69.  Invocation command line was

  CONFIG_FILES    = 
  CONFIG_HEADERS  = 
  CONFIG_LINKS    = 
  CONFIG_COMMANDS = 
  $ ./config.status 

on Matthews-MacBook-Air.local

config.status:1184: creating Makefile
config.status:1184: creating example/Makefile
config.status:1184: creating example/Makefile.dpdk
config.status:1184: creating libndpi.pc
config.status:1184: creating src/include/ndpi_define.h
config.status:1184: creating src/lib/Makefile
config.status:1184: creating src/include/ndpi_config.h
config.status:1365: src/include/ndpi_config.h is unchanged
config.status:1413: executing depfiles commands
config.status:1413: executing libtool commands

## ---------------- ##
## Cache variables. ##
## ---------------- ##

ac_cv_build=x86_64-apple-darwin18.7.0
ac_cv_c_compiler_gnu=yes
ac_cv_cxx_compiler_gnu=yes
ac_cv_env_CCC_set=
ac_cv_env_CCC_value=
ac_cv_env_CC_set=
ac_cv_env_CC_value=
ac_cv_env_CFLAGS_set=
ac_cv_env_CFLAGS_value=
ac_cv_env_CPPFLAGS_set=
ac_cv_env_CPPFLAGS_value=
ac_cv_env_CPP_set=
ac_cv_env_CPP_value=
ac_cv_env_CXXCPP_set=
ac_cv_env_CXXCPP_value=
ac_cv_env_CXXFLAGS_set=
ac_cv_env_CXXFLAGS_value=
ac_cv_env_CXX_set=
ac_cv_env_CXX_value=
ac_cv_env_HS_CFLAGS_set=
ac_cv_env_HS_CFLAGS_value=
ac_cv_env_HS_LIBS_set=
ac_cv_env_HS_LIBS_value=
ac_cv_env_JSONC_CFLAGS_set=
ac_cv_env_JSONC_CFLAGS_value=
ac_cv_env_JSONC_LIBS_set=
ac_cv_env_JSONC_LIBS_value=
ac_cv_env_LDFLAGS_set=
ac_cv_env_LDFLAGS_value=
ac_cv_env_LIBS_set=
ac_cv_env_LIBS_value=
ac_cv_env_LT_SYS_LIBRARY_PATH_set=
ac_cv_env_LT_SYS_LIBRARY_PATH_value=
ac_cv_env_PKG_CONFIG_LIBDIR_set=
ac_cv_env_PKG_CONFIG_LIBDIR_value=
ac_cv_env_PKG_CONFIG_PATH_set=
ac_cv_env_PKG_CONFIG_PATH_value=
ac_cv_env_PKG_CONFIG_set=
ac_cv_env_PKG_CONFIG_value=
ac_cv_env_build_alias_set=
ac_cv_env_build_alias_value=
ac_cv_env_host_alias_set=
ac_cv_env_host_alias_value=
ac_cv_env_target_alias_set=
ac_cv_env_target_alias_value=
ac_cv_header_dlfcn_h=yes
ac_cv_header_inttypes_h=yes
ac_cv_header_memory_h=yes
ac_cv_header_netinet_in_h=yes
ac_cv_header_stdc=yes
ac_cv_header_stdint_h=yes
ac_cv_header_stdlib_h=yes
ac_cv_header_string_h=yes
ac_cv_header_strings_h=yes
ac_cv_header_sys_stat_h=yes
ac_cv_header_sys_types_h=yes
ac_cv_header_unistd_h=yes
ac_cv_host=x86_64-apple-darwin18.7.0
ac_cv_lib_json_c_json_object_new_object=yes
ac_cv_lib_numa_numa_available=no
ac_cv_lib_pcap_pcap_open_live=yes
ac_cv_lib_pthread_pthread_setaffinity_np=no
ac_cv_objext=o
ac_cv_path_EGREP='/usr/bin/grep -E'
ac_cv_path_FGREP='/usr/bin/grep -F'
ac_cv_path_GREP=/usr/bin/grep
ac_cv_path_SED=/usr/bin/sed
ac_cv_path_ac_pt_PKG_CONFIG=/usr/local/bin/pkg-config
ac_cv_path_install='/usr/bin/install -c'
ac_cv_path_lt_DD=/bin/dd
ac_cv_prog_AWK=gawk
ac_cv_prog_CPP='gcc -E'
ac_cv_prog_CXXCPP='g++ -E'
ac_cv_prog_ac_ct_AR=ar
ac_cv_prog_ac_ct_CC=gcc
ac_cv_prog_ac_ct_CXX=g++
ac_cv_prog_ac_ct_DSYMUTIL=dsymutil
ac_cv_prog_ac_ct_LIPO=lipo
ac_cv_prog_ac_ct_NMEDIT=nmedit
ac_cv_prog_ac_ct_OBJDUMP=objdump
ac_cv_prog_ac_ct_OTOOL=otool
ac_cv_prog_ac_ct_RANLIB=ranlib
ac_cv_prog_ac_ct_STRIP=strip
ac_cv_prog_cc_c89=
ac_cv_prog_cc_c99=
ac_cv_prog_cc_g=yes
ac_cv_prog_cc_stdc=
ac_cv_prog_cxx_g=yes
ac_cv_prog_make_make_set=yes
am_cv_CC_dependencies_compiler_type=none
am_cv_CXX_dependencies_compiler_type=none
am_cv_make_support_nested_variables=yes
am_cv_prog_cc_c_o=yes
lt_cv_apple_cc_single_mod=yes
lt_cv_ar_at_file=no
lt_cv_deplibs_check_method=pass_all
lt_cv_file_magic_cmd='$MAGIC_CMD'
lt_cv_file_magic_test_file=
lt_cv_ld_exported_symbols_list=yes
lt_cv_ld_force_load=yes
lt_cv_ld_reload_flag=-r
lt_cv_nm_interface='BSD nm'
lt_cv_objdir=.libs
lt_cv_path_LD=/Library/Developer/CommandLineTools/usr/bin/ld
lt_cv_path_LDCXX=/Library/Developer/CommandLineTools/usr/bin/ld
lt_cv_path_NM='/usr/bin/nm -B'
lt_cv_path_mainfest_tool=no
lt_cv_prog_compiler_c_o=yes
lt_cv_prog_compiler_c_o_CXX=yes
lt_cv_prog_compiler_pic='-fno-common -DPIC'
lt_cv_prog_compiler_pic_CXX='-fno-common -DPIC'
lt_cv_prog_compiler_pic_works=yes
lt_cv_prog_compiler_pic_works_CXX=yes
lt_cv_prog_compiler_rtti_exceptions=yes
lt_cv_prog_compiler_static_works=no
lt_cv_prog_compiler_static_works_CXX=no
lt_cv_prog_gnu_ld=no
lt_cv_prog_gnu_ldcxx=no
lt_cv_sharedlib_from_linklib_cmd='printf %s\n'
lt_cv_sys_global_symbol_pipe='sed -n -e '\''s/^.*[	 ]\([BCDEGRST][BCDEGRST]*\)[	 ][	 ]*_\([_A-Za-z][_A-Za-z0-9]*\)$/\1 _\2 \2/p'\'' | sed '\''/ __gnu_lto/d'\'''
lt_cv_sys_global_symbol_to_c_name_address='sed -n -e '\''s/^: \(.*\) .*$/  {"\1", (void *) 0},/p'\'' -e '\''s/^[BCDEGRST][BCDEGRST]* .* \(.*\)$/  {"\1", (void *) \&\1},/p'\'''
lt_cv_sys_global_symbol_to_c_name_address_lib_prefix='sed -n -e '\''s/^: \(.*\) .*$/  {"\1", (void *) 0},/p'\'' -e '\''s/^[BCDEGRST][BCDEGRST]* .* \(lib.*\)$/  {"\1", (void *) \&\1},/p'\'' -e '\''s/^[BCDEGRST][BCDEGRST]* .* \(.*\)$/  {"lib\1", (void *) \&\1},/p'\'''
lt_cv_sys_global_symbol_to_cdecl='sed -n -e '\''s/^T .* \(.*\)$/extern int \1();/p'\'' -e '\''s/^[BCDEGRST][BCDEGRST]* .* \(.*\)$/extern char \1;/p'\'''
lt_cv_sys_global_symbol_to_import=
lt_cv_sys_max_cmd_len=196608
lt_cv_to_host_file_cmd=func_convert_file_noop
lt_cv_to_tool_file_cmd=func_convert_file_noop
lt_cv_truncate_bin='/bin/dd bs=4096 count=1'
pkg_cv_JSONC_CFLAGS=-I/usr/local/Cellar/json-c/0.13.1/include/json-c
pkg_cv_JSONC_LIBS='-L/usr/local/Cellar/json-c/0.13.1/lib -ljson-c'

## ----------------- ##
## Output variables. ##
## ----------------- ##

ACLOCAL='${SHELL} "/Users/rangarz/Desktop/untitled folder/sDPI/missing" aclocal-1.16'
AMDEPBACKSLASH='\'
AMDEP_FALSE='#'
AMDEP_TRUE=''
AMTAR='$${TAR-tar}'
AM_BACKSLASH='\'
AM_DEFAULT_V='$(AM_DEFAULT_VERBOSITY)'
AM_DEFAULT_VERBOSITY='1'
AM_V='$(V)'
AR='ar'
AUTOCONF='${SHELL} "/Users/rangarz/Desktop/untitled folder/sDPI/missing" autoconf'
AUTOHEADER='${SHELL} "/Users/rangarz/Desktop/untitled folder/sDPI/missing" autoheader'
AUTOMAKE='${SHELL} "/Users/rangarz/Desktop/untitled folder/sDPI/missing" automake-1.16'
AWK='gawk'
BUILD_FUZZTARGETS_FALSE=''
BUILD_FUZZTARGETS_TRUE='#'
CC='clang'
CCDEPMODE='depmode=none'
CFLAGS='-g -O2 -I/usr/local/Cellar/json-c/0.13.1/include/json-c'
CPP='gcc -E'
CPPFLAGS=''
CUSTOM_NDPI=''
CXX='g++'
CXXCPP='g++ -E'
CXXDEPMODE='depmode=none'
CXXFLAGS='-g -O2'
CYGPATH_W='echo'
DEFS='-DHAVE_CONFIG_H'
DEPDIR='.deps'
DLLTOOL='false'
DL_LIB=''
DPDK_TARGET=''
DSYMUTIL='dsymutil'
DUMPBIN=''
ECHO_C='\c'
ECHO_N=''
ECHO_T=''
EGREP='/usr/bin/grep -E'
EXEEXT=''
FGREP='/usr/bin/grep -F'
GIT_RELEASE='3.1.0-100-74798dd'
GREP='/usr/bin/grep'
HAS_FUZZLDFLAGS_FALSE=''
HAS_FUZZLDFLAGS_TRUE='#'
HAVE_PTHREAD_SETAFFINITY_NP=''
HS_CFLAGS=''
HS_LIBS=''
INSTALL_DATA='${INSTALL} -m 644'
INSTALL_PROGRAM='${INSTALL}'
INSTALL_SCRIPT='${INSTALL}'
INSTALL_STRIP_PROGRAM='$(install_sh) -c -s'
JSONC_CFLAGS='-I/usr/local/Cellar/json-c/0.13.1/include/json-c'
JSONC_LIBS='-L/usr/local/Cellar/json-c/0.13.1/lib -ljson-c'
JSON_C_LIB=''
LD='/Library/Developer/CommandLineTools/usr/bin/ld'
LDFLAGS=' -L/usr/local/Cellar/json-c/0.13.1/lib -ljson-c'
LIBOBJS=''
LIBS=''
LIBTOOL='$(SHELL) $(top_builddir)/libtool'
LIB_FUZZING_ENGINE=''
LIPO='lipo'
LN_S='ln -s'
LTLIBOBJS=''
LT_SYS_LIBRARY_PATH=''
MAKEINFO='${SHELL} "/Users/rangarz/Desktop/untitled folder/sDPI/missing" makeinfo'
MANIFEST_TOOL=':'
MKDIR_P='./install-sh -c -d'
NDPI_MAJOR='3'
NDPI_MINOR='1'
NDPI_PATCH='0'
NDPI_VERSION_SHORT='3.1.0'
NM='/usr/bin/nm -B'
NMEDIT='nmedit'
OBJDUMP='objdump'
OBJEXT='o'
OTOOL64=':'
OTOOL='otool'
PACKAGE='libndpi'
PACKAGE_BUGREPORT=''
PACKAGE_NAME='libndpi'
PACKAGE_STRING='libndpi 3.1.0'
PACKAGE_TARNAME='libndpi'
PACKAGE_URL=''
PACKAGE_VERSION='3.1.0'
PATH_SEPARATOR=':'
PCAP_INC=''
PCAP_LIB='-lpcap'
PKG_CONFIG='/usr/local/bin/pkg-config'
PKG_CONFIG_LIBDIR=''
PKG_CONFIG_PATH=''
RANLIB='ranlib'
SED='/usr/bin/sed'
SET_MAKE=''
SHELL='/bin/sh'
STRIP='strip'
SVN_DATE=''
VERSION='3.1.0'
ac_ct_AR='ar'
ac_ct_CC='gcc'
ac_ct_CXX='g++'
ac_ct_DUMPBIN=''
am__EXEEXT_FALSE=''
am__EXEEXT_TRUE='#'
am__fastdepCC_FALSE=''
am__fastdepCC_TRUE='#'
am__fastdepCXX_FALSE=''
am__fastdepCXX_TRUE='#'
am__include='include'
am__isrc=''
am__leading_dot='.'
am__nodep='_no'
am__quote=''
am__tar='$${TAR-tar} chof - "$$tardir"'
am__untar='$${TAR-tar} xf -'
bindir='${exec_prefix}/bin'
build='x86_64-apple-darwin18.7.0'
build_alias=''
build_cpu='x86_64'
build_os='darwin18.7.0'
build_vendor='apple'
datadir='${datarootdir}'
datarootdir='${prefix}/share'
docdir='${datarootdir}/doc/${PACKAGE_TARNAME}'
dvidir='${docdir}'
exec_prefix='${prefix}'
host='x86_64-apple-darwin18.7.0'
host_alias=''
host_cpu='x86_64'
host_os='darwin18.7.0'
host_vendor='apple'
htmldir='${docdir}'
includedir='${prefix}/include'
infodir='${datarootdir}/info'
install_sh='${SHELL} '\''/Users/rangarz/Desktop/untitled folder/sDPI/install-sh'\'''
libdir='${exec_prefix}/lib'
libexecdir='${exec_prefix}/libexec'
localedir='${datarootdir}/locale'
localstatedir='${prefix}/var'
mandir='${datarootdir}/man'
mkdir_p='$(MKDIR_P)'
oldincludedir='/usr/include'
pdfdir='${docdir}'
prefix='/usr/local'
program_transform_name='s,x,x,'
psdir='${docdir}'
sbindir='${exec_prefix}/sbin'
sharedstatedir='${prefix}/com'
sysconfdir='${prefix}/etc'
target_alias=''

## ----------- ##
## confdefs.h. ##
## ----------- ##

/* confdefs.h */
#define NDPI_PACKAGE_NAME "libndpi"
#define NDPI_PACKAGE_TARNAME "libndpi"
#define NDPI_PACKAGE_VERSION "3.1.0"
#define NDPI_PACKAGE_STRING "libndpi 3.1.0"
#define NDPI_PACKAGE_BUGREPORT ""
#define NDPI_PACKAGE_URL ""
#define NDPI_PACKAGE "libndpi"
#define NDPI_VERSION "3.1.0"
#define STDC_HEADERS 1
#define HAVE_SYS_TYPES_H 1
#define HAVE_SYS_STAT_H 1
#define HAVE_STDLIB_H 1
#define HAVE_STRING_H 1
#define HAVE_MEMORY_H 1
#define HAVE_STRINGS_H 1
#define HAVE_INTTYPES_H 1
#define HAVE_STDINT_H 1
#define HAVE_UNISTD_H 1
#define HAVE_DLFCN_H 1
#define LT_OBJDIR ".libs/"
#define NDPI_MAJOR_RELEASE "3"
#define NDPI_MINOR_RELEASE "1"
#define NDPI_PATCH_LEVEL "0"
#define NDPI_GIT_RELEASE "3.1.0-100-74798dd"
#define NDPI_GIT_DATE "Mon Feb 3 11:51:24 2020 +0200"
#define HAVE_NETINET_IN_H 1
#define HAVE_STDINT_H 1
#define HAVE_STDLIB_H 1
#define HAVE_STRING_H 1
#define HAVE_UNISTD_H 1
#define HAVE_JSON_C 1

configure: exit 0
